Using pre-set license
Built from '2020.3/release' branch; Version is '2020.3.1f1 (77a89f25062f) revision 7841951'; Using compiler version '192528614'; Build Type 'Release'
OS: 'Windows 10 Home; OS build 19044.2251; Version 2009; 64bit' Language: 'ko' Physical Memory: 16057 MB
BatchMode: 1, IsHumanControllingUs: 0, StartBugReporterOnCrash: 0, Is64bit: 1, IsPro: 0

 COMMAND LINE ARGUMENTS:
C:\Program Files\2020.3.1f1\Editor\Unity.exe
-adb2
-batchMode
-noUpm
-name
AssetImportWorker0
-projectPath
D:/study/coding/unity3d/term/Term_Project_2018108254_ktg
-logFile
Logs/AssetImportWorker0.log
-srvPort
58418
Successfully changed project path to: D:/study/coding/unity3d/term/Term_Project_2018108254_ktg
D:/study/coding/unity3d/term/Term_Project_2018108254_ktg
Using Asset Import Pipeline V2.
Refreshing native plugins compatible for Editor in 77.56 ms, found 0 plugins.
Preloading 0 native plugins for Editor in 0.00 ms.
Initialize engine version: 2020.3.1f1 (77a89f25062f)
[Subsystems] Discovering subsystems at path C:/Program Files/2020.3.1f1/Editor/Data/Resources/UnitySubsystems
[Subsystems] Discovering subsystems at path D:/study/coding/unity3d/term/Term_Project_2018108254_ktg/Assets
GfxDevice: creating device client; threaded=0
Direct3D:
    Version:  Direct3D 11.0 [level 11.1]
    Renderer: NVIDIA GeForce MX450 (ID=0x1f97)
    Vendor:   
    VRAM:     1928 MB
    Driver:   31.0.15.1748
Initialize mono
Mono path[0] = 'C:/Program Files/2020.3.1f1/Editor/Data/Managed'
Mono path[1] = 'C:/Program Files/2020.3.1f1/Editor/Data/MonoBleedingEdge/lib/mono/unityjit'
Mono config path = 'C:/Program Files/2020.3.1f1/Editor/Data/MonoBleedingEdge/etc'
Using monoOptions --debugger-agent=transport=dt_socket,embedding=1,server=y,suspend=n,address=127.0.0.1:56472
Begin MonoManager ReloadAssembly
Registering precompiled unity dll's ...
Register platform support module: C:/Program Files/2020.3.1f1/Editor/Data/PlaybackEngines/WebGLSupport/UnityEditor.WebGL.Extensions.dll
Register platform support module: C:/Program Files/2020.3.1f1/Editor/Data/PlaybackEngines/WindowsStandaloneSupport/UnityEditor.WindowsStandalone.Extensions.dll
Registered in 0.005081 seconds.
Native extension for WindowsStandalone target not found
Native extension for WebGL target not found
Refreshing native plugins compatible for Editor in 76.28 ms, found 0 plugins.
Preloading 0 native plugins for Editor in 0.00 ms.
Invoked RoslynAnalysisRunner static constructor.
RoslynAnalysisRunner will not be running.
RoslynAnalysisRunner has terminated.
Mono: successfully reloaded assembly
- Completed reload, in  2.639 seconds
Platform modules already initialized, skipping
Registering precompiled user dll's ...
Registered in 0.001262 seconds.
Begin MonoManager ReloadAssembly
Native extension for WindowsStandalone target not found
Native extension for WebGL target not found
Refreshing native plugins compatible for Editor in 0.65 ms, found 0 plugins.
Preloading 0 native plugins for Editor in 0.00 ms.
Invoked RoslynAnalysisRunner static constructor.
RoslynAnalysisRunner will not be running.
RoslynAnalysisRunner has terminated.
Mono: successfully reloaded assembly
- Completed reload, in  1.963 seconds
Platform modules already initialized, skipping
========================================================================
Worker process is ready to serve import requests
Launched and connected shader compiler UnityShaderCompiler.exe after 0.10 seconds
Refreshing native plugins compatible for Editor in 0.83 ms, found 0 plugins.
Preloading 0 native plugins for Editor in 0.00 ms.
Unloading 1389 Unused Serialized files (Serialized files now loaded: 0)
System memory in use before: 94.6 MB.
System memory in use after: 94.3 MB.

Unloading 13 unused Assets to reduce memory usage. Loaded Objects now: 1864.
Total: 3.823500 ms (FindLiveObjects: 0.389700 ms CreateObjectMapping: 0.139700 ms MarkObjects: 2.481100 ms  DeleteObjects: 0.811600 ms)

========================================================================
Received Import Request.
  path: Assets/Scripts/enemyCtrl.cs
  artifactKey: Guid(c28dd7f65e234104c967e6734c398591) Importer(815301076,1909f56bfc062723c751e8b465ee728b)
Start importing Assets/Scripts/enemyCtrl.cs using Guid(c28dd7f65e234104c967e6734c398591) Importer(815301076,1909f56bfc062723c751e8b465ee728b)  -> (artifact id: 'e3a9c39835a36cd48b278690879d6576') in 0.097703 seconds
  Import took 0.103903 seconds .

========================================================================
Received Import Request.
  Time since last request: 0.012073 seconds.
  path: Assets/Scripts/enemyCtrl.cs
  artifactKey: Guid(c28dd7f65e234104c967e6734c398591) Importer(815301076,1909f56bfc062723c751e8b465ee728b)
Start importing Assets/Scripts/enemyCtrl.cs using Guid(c28dd7f65e234104c967e6734c398591) Importer(815301076,1909f56bfc062723c751e8b465ee728b)  -> (artifact id: 'e3a9c39835a36cd48b278690879d6576') in 0.003272 seconds
  Import took 0.007735 seconds .

========================================================================
Received Import Request.
  Time since last request: 0.862723 seconds.
  path: Assets/Scripts/EventController.cs
  artifactKey: Guid(f2ed002a30d7b214081e5fb2e2abe31e) Importer(815301076,1909f56bfc062723c751e8b465ee728b)
Start importing Assets/Scripts/EventController.cs using Guid(f2ed002a30d7b214081e5fb2e2abe31e) Importer(815301076,1909f56bfc062723c751e8b465ee728b)  -> (artifact id: 'c2ef1763c5055ff334e948ca020efeab') in 0.010169 seconds
  Import took 0.016036 seconds .

========================================================================
Received Import Request.
  Time since last request: 0.810483 seconds.
  path: Assets/Scripts/EventController.cs
  artifactKey: Guid(f2ed002a30d7b214081e5fb2e2abe31e) Importer(815301076,1909f56bfc062723c751e8b465ee728b)
Start importing Assets/Scripts/EventController.cs using Guid(f2ed002a30d7b214081e5fb2e2abe31e) Importer(815301076,1909f56bfc062723c751e8b465ee728b)  -> (artifact id: 'c2ef1763c5055ff334e948ca020efeab') in 0.002901 seconds
  Import took 0.008593 seconds .

========================================================================
Received Import Request.
  Time since last request: 42.546473 seconds.
  path: Assets/Scripts/EventController.cs
  artifactKey: Guid(f2ed002a30d7b214081e5fb2e2abe31e) Importer(815301076,1909f56bfc062723c751e8b465ee728b)
Start importing Assets/Scripts/EventController.cs using Guid(f2ed002a30d7b214081e5fb2e2abe31e) Importer(815301076,1909f56bfc062723c751e8b465ee728b)  -> (artifact id: '92c68b06e9994b854ec22e056692841d') in 0.004288 seconds
  Import took 0.010728 seconds .

========================================================================
Received Import Request.
  Time since last request: 12.527915 seconds.
  path: Assets/Scripts/EventController.cs
  artifactKey: Guid(f2ed002a30d7b214081e5fb2e2abe31e) Importer(815301076,1909f56bfc062723c751e8b465ee728b)
Start importing Assets/Scripts/EventController.cs using Guid(f2ed002a30d7b214081e5fb2e2abe31e) Importer(815301076,1909f56bfc062723c751e8b465ee728b)  -> (artifact id: 'ba1ed85ab8cf276448aa94aa978c520c') in 0.003676 seconds
  Import took 0.008778 seconds .

========================================================================
Received Prepare
Registering precompiled user dll's ...
Registered in 0.001190 seconds.
Begin MonoManager ReloadAssembly
Native extension for WindowsStandalone target not found
Native extension for WebGL target not found
Refreshing native plugins compatible for Editor in 0.56 ms, found 0 plugins.
Preloading 0 native plugins for Editor in 0.00 ms.
Invoked RoslynAnalysisRunner static constructor.
RoslynAnalysisRunner will not be running.
RoslynAnalysisRunner has terminated.
Mono: successfully reloaded assembly
- Completed reload, in  1.794 seconds
Platform modules already initialized, skipping
Refreshing native plugins compatible for Editor in 0.78 ms, found 0 plugins.
Preloading 0 native plugins for Editor in 0.00 ms.
Unloading 1366 Unused Serialized files (Serialized files now loaded: 0)
System memory in use before: 93.1 MB.
System memory in use after: 92.8 MB.

Unloading 8 unused Assets to reduce memory usage. Loaded Objects now: 1868.
Total: 4.586300 ms (FindLiveObjects: 0.240000 ms CreateObjectMapping: 0.087200 ms MarkObjects: 3.286400 ms  DeleteObjects: 0.970300 ms)

========================================================================
Received Prepare
Registering precompiled user dll's ...
Registered in 0.001037 seconds.
Begin MonoManager ReloadAssembly
Native extension for WindowsStandalone target not found
Native extension for WebGL target not found
Refreshing native plugins compatible for Editor in 0.44 ms, found 0 plugins.
Preloading 0 native plugins for Editor in 0.00 ms.
Invoked RoslynAnalysisRunner static constructor.
RoslynAnalysisRunner will not be running.
RoslynAnalysisRunner has terminated.
Mono: successfully reloaded assembly
- Completed reload, in  1.742 seconds
Platform modules already initialized, skipping
Refreshing native plugins compatible for Editor in 0.48 ms, found 0 plugins.
Preloading 0 native plugins for Editor in 0.00 ms.
Unloading 1365 Unused Serialized files (Serialized files now loaded: 0)
System memory in use before: 93.3 MB.
System memory in use after: 93.0 MB.

Unloading 8 unused Assets to reduce memory usage. Loaded Objects now: 1871.
Total: 3.681200 ms (FindLiveObjects: 0.220900 ms CreateObjectMapping: 0.066300 ms MarkObjects: 2.666800 ms  DeleteObjects: 0.724400 ms)

========================================================================
Received Prepare
Registering precompiled user dll's ...
Registered in 0.001205 seconds.
Begin MonoManager ReloadAssembly
Native extension for WindowsStandalone target not found
Native extension for WebGL target not found
Refreshing native plugins compatible for Editor in 0.91 ms, found 0 plugins.
Preloading 0 native plugins for Editor in 0.00 ms.
Invoked RoslynAnalysisRunner static constructor.
RoslynAnalysisRunner will not be running.
RoslynAnalysisRunner has terminated.
Mono: successfully reloaded assembly
- Completed reload, in  1.743 seconds
Platform modules already initialized, skipping
Refreshing native plugins compatible for Editor in 0.60 ms, found 0 plugins.
Preloading 0 native plugins for Editor in 0.00 ms.
Unloading 1365 Unused Serialized files (Serialized files now loaded: 0)
System memory in use before: 93.3 MB.
System memory in use after: 93.0 MB.

Unloading 8 unused Assets to reduce memory usage. Loaded Objects now: 1874.
Total: 4.750600 ms (FindLiveObjects: 0.309100 ms CreateObjectMapping: 0.078600 ms MarkObjects: 3.425000 ms  DeleteObjects: 0.935100 ms)

========================================================================
Received Prepare
Registering precompiled user dll's ...
Registered in 0.001316 seconds.
Begin MonoManager ReloadAssembly
Native extension for WindowsStandalone target not found
Native extension for WebGL target not found
Refreshing native plugins compatible for Editor in 0.50 ms, found 0 plugins.
Preloading 0 native plugins for Editor in 0.00 ms.
Invoked RoslynAnalysisRunner static constructor.
RoslynAnalysisRunner will not be running.
RoslynAnalysisRunner has terminated.
Mono: successfully reloaded assembly
- Completed reload, in  1.767 seconds
Platform modules already initialized, skipping
Refreshing native plugins compatible for Editor in 0.54 ms, found 0 plugins.
Preloading 0 native plugins for Editor in 0.00 ms.
Unloading 1365 Unused Serialized files (Serialized files now loaded: 0)
System memory in use before: 93.3 MB.
System memory in use after: 93.0 MB.

Unloading 8 unused Assets to reduce memory usage. Loaded Objects now: 1877.
Total: 3.676200 ms (FindLiveObjects: 0.260900 ms CreateObjectMapping: 0.078200 ms MarkObjects: 2.541200 ms  DeleteObjects: 0.793700 ms)

========================================================================
Received Prepare
Registering precompiled user dll's ...
Registered in 0.000924 seconds.
Begin MonoManager ReloadAssembly
Native extension for WindowsStandalone target not found
Native extension for WebGL target not found
Refreshing native plugins compatible for Editor in 0.49 ms, found 0 plugins.
Preloading 0 native plugins for Editor in 0.00 ms.
Invoked RoslynAnalysisRunner static constructor.
RoslynAnalysisRunner will not be running.
RoslynAnalysisRunner has terminated.
Mono: successfully reloaded assembly
- Completed reload, in  1.656 seconds
Platform modules already initialized, skipping
Refreshing native plugins compatible for Editor in 0.55 ms, found 0 plugins.
Preloading 0 native plugins for Editor in 0.00 ms.
Unloading 1365 Unused Serialized files (Serialized files now loaded: 0)
System memory in use before: 93.3 MB.
System memory in use after: 93.0 MB.

Unloading 8 unused Assets to reduce memory usage. Loaded Objects now: 1880.
Total: 5.033700 ms (FindLiveObjects: 0.248100 ms CreateObjectMapping: 0.063700 ms MarkObjects: 3.979200 ms  DeleteObjects: 0.740600 ms)

========================================================================
Received Prepare
Registering precompiled user dll's ...
Registered in 0.001152 seconds.
Begin MonoManager ReloadAssembly
Native extension for WindowsStandalone target not found
Native extension for WebGL target not found
Refreshing native plugins compatible for Editor in 0.49 ms, found 0 plugins.
Preloading 0 native plugins for Editor in 0.00 ms.
Invoked RoslynAnalysisRunner static constructor.
RoslynAnalysisRunner will not be running.
RoslynAnalysisRunner has terminated.
Mono: successfully reloaded assembly
- Completed reload, in  1.583 seconds
Platform modules already initialized, skipping
Refreshing native plugins compatible for Editor in 0.50 ms, found 0 plugins.
Preloading 0 native plugins for Editor in 0.00 ms.
Unloading 1365 Unused Serialized files (Serialized files now loaded: 0)
System memory in use before: 93.3 MB.
System memory in use after: 93.1 MB.

Unloading 8 unused Assets to reduce memory usage. Loaded Objects now: 1883.
Total: 3.385600 ms (FindLiveObjects: 0.225400 ms CreateObjectMapping: 0.070800 ms MarkObjects: 2.320200 ms  DeleteObjects: 0.767400 ms)

========================================================================
Received Prepare
Registering precompiled user dll's ...
Registered in 0.001152 seconds.
Begin MonoManager ReloadAssembly
Native extension for WindowsStandalone target not found
Native extension for WebGL target not found
Refreshing native plugins compatible for Editor in 0.81 ms, found 0 plugins.
Preloading 0 native plugins for Editor in 0.00 ms.
Invoked RoslynAnalysisRunner static constructor.
RoslynAnalysisRunner will not be running.
RoslynAnalysisRunner has terminated.
Mono: successfully reloaded assembly
- Completed reload, in  1.841 seconds
Platform modules already initialized, skipping
Refreshing native plugins compatible for Editor in 0.53 ms, found 0 plugins.
Preloading 0 native plugins for Editor in 0.00 ms.
Unloading 1365 Unused Serialized files (Serialized files now loaded: 0)
System memory in use before: 93.3 MB.
System memory in use after: 93.1 MB.

Unloading 8 unused Assets to reduce memory usage. Loaded Objects now: 1886.
Total: 4.684100 ms (FindLiveObjects: 0.358300 ms CreateObjectMapping: 0.074700 ms MarkObjects: 3.352200 ms  DeleteObjects: 0.896100 ms)

========================================================================
Received Import Request.
  Time since last request: 814.935177 seconds.
  path: Assets/Scripts/BossEvent.cs
  artifactKey: Guid(df7bb76892572df41a7010c6506292b8) Importer(815301076,1909f56bfc062723c751e8b465ee728b)
Start importing Assets/Scripts/BossEvent.cs using Guid(df7bb76892572df41a7010c6506292b8) Importer(815301076,1909f56bfc062723c751e8b465ee728b)  -> (artifact id: '14ae22ab4a5940f8c4ce9d1876558e4e') in 0.014564 seconds
  Import took 0.019933 seconds .

========================================================================
Received Import Request.
  Time since last request: 0.030137 seconds.
  path: Assets/Scripts/BossEvent.cs
  artifactKey: Guid(df7bb76892572df41a7010c6506292b8) Importer(815301076,1909f56bfc062723c751e8b465ee728b)
Start importing Assets/Scripts/BossEvent.cs using Guid(df7bb76892572df41a7010c6506292b8) Importer(815301076,1909f56bfc062723c751e8b465ee728b)  -> (artifact id: '14ae22ab4a5940f8c4ce9d1876558e4e') in 0.003887 seconds
  Import took 0.008733 seconds .

========================================================================
Received Prepare
Registering precompiled user dll's ...
Registered in 0.001144 seconds.
Begin MonoManager ReloadAssembly
Native extension for WindowsStandalone target not found
Native extension for WebGL target not found
Refreshing native plugins compatible for Editor in 0.64 ms, found 0 plugins.
Preloading 0 native plugins for Editor in 0.00 ms.
Invoked RoslynAnalysisRunner static constructor.
RoslynAnalysisRunner will not be running.
RoslynAnalysisRunner has terminated.
Mono: successfully reloaded assembly
- Completed reload, in  1.781 seconds
Platform modules already initialized, skipping
Refreshing native plugins compatible for Editor in 0.71 ms, found 0 plugins.
Preloading 0 native plugins for Editor in 0.00 ms.
Unloading 1365 Unused Serialized files (Serialized files now loaded: 0)
System memory in use before: 93.3 MB.
System memory in use after: 93.1 MB.

Unloading 8 unused Assets to reduce memory usage. Loaded Objects now: 1889.
Total: 5.498600 ms (FindLiveObjects: 0.367900 ms CreateObjectMapping: 0.088300 ms MarkObjects: 3.689600 ms  DeleteObjects: 1.350500 ms)

AssetImportWorkerClient::OnTransportError - code=2 error=End of file
